506  %studio_hide_wrapper;
582  
583  %studio_hide_wrapper;
591  
592  
593  %macro _flw_action_start(nodes);
594      data _null_;
595          dtEndStr = put(datetime(), E8601DZ.);
596          put "_FLW_ACTION_START_|" dtEndStr +(-1) "|&nodes";
597      run;
598  %mend _flw_action_start;
599  %macro _flw_action_end(nodes, table_libs, libs, table_names);
600      data _null_;
601  
602          attrib next_table_name length = $32 informat = $32. format = $32.
603                 dtStartStr length = $26 informat = $26. format = $26.;
604  
605          %local i next_table;
606          %do i=1 %to %sysfunc(countc(&table_libs, |)) + 1;
607              %let next_table = %qscan(&table_libs, &i, |);
608              %let next_lib = %qscan(&libs, &i, |);
609              %let next_table_name = %qscan(&table_names, &i, |);
610              next_table_name = kreverse(ksubstr(kreverse(ksubstr(kstrip("&next_table_name."),2)),2));
611              %let table_exists = %eval(%sysfunc(exist(&next_table, data)) or %sysfunc(exist(&next_table, view)));
612              put "_FLW_ACTION_TABLE_|&next_lib|" next_table_name +(-1) "|&table_exists";
613          %end;
614          dtStartStr = put(datetime(), E8601DZ.);
615          put "_FLW_ACTION_END_|" dtStartStr +(-1) "|&nodes";
616      run;
617  %mend _flw_action_end;
618  
619  %_flw_action_start(id-1626708645218-18003);

_FLW_ACTION_START_|2021-08-05T10:49:35+00:00|id-1626708645218-18003
NOTE: DATA statement used (Total process time):
      real time           0.00 seconds
      cpu time            0.00 seconds
      

620  /*===========================================================================*
621  * Node name:        Mean MSRP Bar Chart
622  * Node ID:          id-1626708645218-18003
623  *
624  * Input Tables:
625  *   SASHELP.CARS
626  *
627  * Output Tables:
628  *   WORK._flw_4b74893df5fc11eb9af70ed9527
629  *
630  * Step name:        SAS Program
631  * Step URI:         /dataFlows/steps/a7190700-f59c-4a94-afe2-214ce639fcde
632  * Step description: Run user written SAS code.
633  *----------------------------------------------------------------------------*/
634  
635  
636  %let _inputCount = 1;
637  %let _outputCount = 1;
638  %let _input1 = SASHELP.CARS;
639  %let _output1 = WORK._flw_4b74893df5fc11eb9af70ed9527;
640  
641  ods graphics / reset width=6.4in height=4.8in imagemap;
642  
643  proc sgplot data=&_input1;
644  	title height=14pt "Average MSRP by Vehicle Type & Origin";
645  	vbar Type / response=MSRP group=Origin groupdisplay=cluster fillType=gradient
646  		stat=mean;
647  	yaxis grid;
648  run;

NOTE: PROCEDURE SGPLOT used (Total process time):
      real time           3.20 seconds
      cpu time            0.24 seconds
      
NOTE: There were 428 observations read from the data set SASHELP.CARS.

649  
650  ods graphics / reset;
651  title;
652  
653  %symdel _inputCount;
654  %symdel _outputCount;
655  %symdel _input1;
656  %symdel _output1;
657  
658  
659  
660  %_flw_action_end(id-1626708645218-18003, WORK._flw_4b74893df5fc11eb9af70ed9527, WORK, "_flw_4b74893df5fc11eb9af70ed9527");

_FLW_ACTION_TABLE_|WORK|_flw_4b74893df5fc11eb9af70ed9527|0
_FLW_ACTION_END_|2021-08-05T10:49:38+00:00|id-1626708645218-18003
NOTE: DATA statement used (Total process time):
      real time           0.00 seconds
      cpu time            0.01 seconds
      

661  
662  %_flw_action_start(id-1626708675913-18227);

_FLW_ACTION_START_|2021-08-05T10:49:38+00:00|id-1626708675913-18227
NOTE: DATA statement used (Total process time):
      real time           0.00 seconds
      cpu time            0.00 seconds
      

663  /*===========================================================================*
664  * Node name:        Sort by Origin
665  * Node ID:          id-1626708675913-18227
666  *
667  * Input Tables:
668  *   SASHELP.CARS
669  *
670  * Output Tables:
671  *   WORK.CARS_ORIGIN
672  *
673  * Step name:        Sort
674  * Step URI:         /dataFlows/steps/40695122-e300-4e9d-8d7e-d9e78158bad3
675  * Step description: Sort a table.
676  *----------------------------------------------------------------------------*/
677  
678  
679  
680  /* Delete table WORK.CARS_ORIGIN */
681  proc datasets library = WORK memtype = (data view) nolist nowarn;
682     delete CARS_ORIGIN;
683  quit;

NOTE: PROCEDURE DATASETS used (Total process time):
      real time           0.00 seconds
      cpu time            0.01 seconds
      

684  
685  proc sort data=SASHELP.CARS
686     out=WORK.CARS_ORIGIN;
687     by
688        Origin
689        descending MSRP
690  ;
691  run;

NOTE: There were 428 observations read from the data set SASHELP.CARS.
NOTE: The data set WORK.CARS_ORIGIN has 428 observations and 15 variables.
NOTE: PROCEDURE SORT used (Total process time):
      real time           0.00 seconds
      cpu time            0.00 seconds
      

692  
693  
694  %_flw_action_end(id-1626708675913-18227, WORK.CARS_ORIGIN, WORK, "CARS_ORIGIN");

_FLW_ACTION_TABLE_|WORK|CARS_ORIGIN|1
_FLW_ACTION_END_|2021-08-05T10:49:38+00:00|id-1626708675913-18227
NOTE: DATA statement used (Total process time):
      real time           0.00 seconds
      cpu time            0.01 seconds
      

695  
696  %_flw_action_start(id-1626708721693-19682);

_FLW_ACTION_START_|2021-08-05T10:49:38+00:00|id-1626708721693-19682
NOTE: DATA statement used (Total process time):
      real time           0.00 seconds
      cpu time            0.00 seconds
      

697  /*===========================================================================*
698  * Node name:        Export as CSV File
699  * Node ID:          id-1626708721693-19682
700  *
701  * Input Tables:
702  *   WORK.CARS_ORIGIN
703  *
704  * Output Tables:
705  *   /home/student/Courses/VSTU_data/cars_origin.csv
706  *
707  * Step name:        Export
708  * Step URI:         /dataFlows/steps/da1549ad-a598-4600-9459-97a9f26d07fc
709  * Step description: Export step; used to export Excel and Delimited files from SAS
710  *----------------------------------------------------------------------------*/
711  
712  
713  
714  FILENAME _flw_fr "/home/student/Courses/VSTU_data/cars_origin.csv";
715  
716  proc export data = WORK.CARS_ORIGIN outfile = _flw_fr dbms = DLM replace;
717  
718    delimiter = ',';
719    putNames = YES;
720  run;

NOTE: Unable to open parameter catalog: SASUSER.PARMS.PARMS.SLIST in update mode. Temporary parameter values will be saved to 
WORK.PARMS.PARMS.SLIST.
721   /**********************************************************************
722   *   PRODUCT:   SAS
723   *   VERSION:   V.04.00
724   *   CREATOR:   External File Interface
725   *   DATE:      05AUG21
726   *   DESC:      Generated SAS Datastep Code
727   *   TEMPLATE SOURCE:  (None Specified.)
728   ***********************************************************************/
729      data _null_;
730      %let _EFIERR_ = 0; /* set the ERROR detection macro variable */
731      %let _EFIREC_ = 0;     /* clear export record count macro variable */
732      file _FLW_FR delimiter=',' DSD DROPOVER ;
733      if _n_ = 1 then        /* write column names or labels */
734       do;
735         put
736            "Make"
737         ','
738            "Model"
739         ','
740            "Type"
741         ','
742            "Origin"
743         ','
744            "DriveTrain"
745         ','
746            "MSRP"
747         ','
748            "Invoice"
749         ','
750            "EngineSize"
751         ','
752            "Cylinders"
753         ','
754            "Horsepower"
755         ','
756            "MPG_City"
757         ','
758            "MPG_Highway"
759         ','
760            "Weight"
761         ','
762            "Wheelbase"
763         ','
764            "Length"
765         ;
766       end;
767     set  WORK.CARS_ORIGIN   end=EFIEOD;
768         format Make $13. ;
769         format Model $40. ;
770         format Type $8. ;
771         format Origin $6. ;
772         format DriveTrain $5. ;
773         format MSRP dollar8. ;
774         format Invoice dollar8. ;
775         format EngineSize best12. ;
776         format Cylinders best12. ;
777         format Horsepower best12. ;
778         format MPG_City best12. ;
779         format MPG_Highway best12. ;
780         format Weight best12. ;
781         format Wheelbase best12. ;
782         format Length best12. ;
783       do;
784         EFIOUT + 1;
785         put Make $ @;
786         put Model $ @;
787         put Type $ @;
788         put Origin $ @;
789         put DriveTrain $ @;
790         put MSRP @;
791         put Invoice @;
792         put EngineSize @;
793         put Cylinders @;
794         put Horsepower @;
795         put MPG_City @;
796         put MPG_Highway @;
797         put Weight @;
798         put Wheelbase @;
799         put Length ;
800         ;
801       end;
802      if _ERROR_ then call symputx('_EFIERR_',1);  /* set ERROR detection macro variable */
803      if EFIEOD then call symputx('_EFIREC_',EFIOUT);
804      run;

NOTE: The file _FLW_FR is:
      Filename=/home/student/Courses/VSTU_data/cars_origin.csv,
      Owner Name=UNKNOWN,Group Name=UNKNOWN,
      Access Permission=-rw-r--r--,
      Last Modified=05Aug2021:10:49:38

NOTE: 429 records were written to the file _FLW_FR.
      The minimum record length was 68.
      The maximum record length was 123.
NOTE: There were 428 observations read from the data set WORK.CARS_ORIGIN.
NOTE: DATA statement used (Total process time):
      real time           0.06 seconds
      cpu time            0.06 seconds
      

428 records created in _FLW_FR from WORK.CARS_ORIGIN.
  
  
NOTE: "_FLW_FR" file was successfully created.
NOTE: PROCEDURE EXPORT used (Total process time):
      real time           0.44 seconds
      cpu time            0.18 seconds
      

805  FILENAME _flw_fr CLEAR;
NOTE: Fileref _FLW_FR has been deassigned.
806  
807  
808  %_flw_action_end(id-1626708721693-19682, , , );

_FLW_ACTION_TABLE_|| |1
_FLW_ACTION_END_|2021-08-05T10:49:39+00:00|id-1626708721693-19682
NOTE: DATA statement used (Total process time):
      real time           0.00 seconds
      cpu time            0.00 seconds
      

809  
810  %_flw_action_start(id-1626708787307-20508);

_FLW_ACTION_START_|2021-08-05T10:49:39+00:00|id-1626708787307-20508
NOTE: DATA statement used (Total process time):
      real time           0.00 seconds
      cpu time            0.00 seconds
      

811  /*===========================================================================*
812  * Node name:        Listing Report by Origin
813  * Node ID:          id-1626708787307-20508
814  *
815  * Input Tables:
816  *   WORK.CARS_ORIGIN
817  *
818  * Output Tables:
819  *   WORK._flw_4b748c3df5fc11eb9af70ed9527
820  *
821  * Step name:        SAS Program
822  * Step URI:         /dataFlows/steps/a7190700-f59c-4a94-afe2-214ce639fcde
823  * Step description: Run user written SAS code.
824  *----------------------------------------------------------------------------*/
825  
826  
827  %let _inputCount = 1;
828  %let _outputCount = 1;
829  %let _input1 = WORK.CARS_ORIGIN;
830  %let _output1 = WORK._flw_4b748c3df5fc11eb9af70ed9527;
831  
832  title1 'Cars by Origin';
833  
834  proc print data=&_input1 noobs label;
835  	var Make Model Type MSRP;
836  	by Origin;
837  run;

NOTE: There were 428 observations read from the data set WORK.CARS_ORIGIN.
NOTE: PROCEDURE PRINT used (Total process time):
      real time           0.55 seconds
      cpu time            0.53 seconds
      

838  
839  title1;
840  
841  %symdel _inputCount;
842  %symdel _outputCount;
843  %symdel _input1;
844  %symdel _output1;
845  
846  
847  
848  %_flw_action_end(id-1626708787307-20508, WORK._flw_4b748c3df5fc11eb9af70ed9527, WORK, "_flw_4b748c3df5fc11eb9af70ed9527");

_FLW_ACTION_TABLE_|WORK|_flw_4b748c3df5fc11eb9af70ed9527|0
_FLW_ACTION_END_|2021-08-05T10:49:39+00:00|id-1626708787307-20508
NOTE: DATA statement used (Total process time):
      real time           0.00 seconds
      cpu time            0.00 seconds
      

849  
850  %sysmacdelete _flw_action_start;
851  %sysmacdelete _flw_action_end;
852  
853  
854  %studio_hide_wrapper;
866  
867  

